

Processing WelcomeController#index (for 127.0.0.1 at 2007-09-03 02:40:16) [GET]
  Session ID: 1f5ec0dc662b6e7b5ac247a9a2c127e5
  Parameters: {"action"=>"index", "controller"=>"welcome"}


Mysql::Error (Unknown database 'redmine_development'):
    /opt/local/lib/ruby/gems/1.8/gems/activerecord-1.15.3/lib/active_record/connection_adapters/mysql_adapter.rb:389:in `real_connect'
    /opt/local/lib/ruby/gems/1.8/gems/activerecord-1.15.3/lib/active_record/connection_adapters/mysql_adapter.rb:389:in `connect'
    /opt/local/lib/ruby/gems/1.8/gems/activerecord-1.15.3/lib/active_record/connection_adapters/mysql_adapter.rb:152:in `initialize'
    /opt/local/lib/ruby/gems/1.8/gems/activerecord-1.15.3/lib/active_record/connection_adapters/mysql_adapter.rb:82:in `new'
    /opt/local/lib/ruby/gems/1.8/gems/activerecord-1.15.3/lib/active_record/connection_adapters/mysql_adapter.rb:82:in `mysql_connection'
    /opt/local/lib/ruby/gems/1.8/gems/activerecord-1.15.3/lib/active_record/connection_adapters/abstract/connection_specification.rb:262:in `send'
    /opt/local/lib/ruby/gems/1.8/gems/activerecord-1.15.3/lib/active_record/connection_adapters/abstract/connection_specification.rb:262:in `connection_without_query_cache='
    /opt/local/lib/ruby/gems/1.8/gems/activerecord-1.15.3/lib/active_record/query_cache.rb:54:in `connection='
    /opt/local/lib/ruby/gems/1.8/gems/activerecord-1.15.3/lib/active_record/connection_adapters/abstract/connection_specification.rb:230:in `retrieve_connection'
    /opt/local/lib/ruby/gems/1.8/gems/activerecord-1.15.3/lib/active_record/connection_adapters/abstract/connection_specification.rb:78:in `connection'
    /opt/local/lib/ruby/gems/1.8/gems/activerecord-1.15.3/lib/active_record/base.rb:763:in `columns'
    /opt/local/lib/ruby/gems/1.8/gems/activerecord-1.15.3/lib/active_record/base.rb:776:in `column_names'
    /opt/local/lib/ruby/gems/1.8/gems/activerecord-1.15.3/lib/active_record/base.rb:789:in `column_methods_hash'
    /opt/local/lib/ruby/gems/1.8/gems/activerecord-1.15.3/lib/active_record/base.rb:1262:in `all_attributes_exists?'
    /opt/local/lib/ruby/gems/1.8/gems/activesupport-1.4.2/lib/active_support/inflector.rb:250:in `all?'
    /opt/local/lib/ruby/gems/1.8/gems/activerecord-1.15.3/lib/active_record/base.rb:1262:in `each'
    /opt/local/lib/ruby/gems/1.8/gems/activerecord-1.15.3/lib/active_record/base.rb:1262:in `all?'
    /opt/local/lib/ruby/gems/1.8/gems/activerecord-1.15.3/lib/active_record/base.rb:1262:in `all_attributes_exists?'
    /opt/local/lib/ruby/gems/1.8/gems/activerecord-1.15.3/lib/active_record/base.rb:1196:in `method_missing'
    .//app/models/setting.rb:29:in `get'
    .//app/models/setting.rb:35:in `[]'
    .//app/models/setting.rb:64:in `login_required?'
    .//app/controllers/application.rb:54:in `check_if_login_required'
    /opt/local/lib/ruby/gems/1.8/gems/actionpack-1.13.3/lib/action_controller/filters.rb:456:in `send'
    /opt/local/lib/ruby/gems/1.8/gems/actionpack-1.13.3/lib/action_controller/filters.rb:456:in `call'
    /opt/local/lib/ruby/gems/1.8/gems/actionpack-1.13.3/lib/action_controller/filters.rb:435:in `call'
    /opt/local/lib/ruby/gems/1.8/gems/actionpack-1.13.3/lib/action_controller/filters.rb:637:in `call_filter'
    /opt/local/lib/ruby/gems/1.8/gems/actionpack-1.13.3/lib/action_controller/filters.rb:619:in `perform_action_without_benchmark'
    /opt/local/lib/ruby/gems/1.8/gems/actionpack-1.13.3/lib/action_controller/benchmarking.rb:66:in `perform_action_without_rescue'
    /opt/local/lib/ruby/1.8/benchmark.rb:293:in `measure'
    /opt/local/lib/ruby/gems/1.8/gems/actionpack-1.13.3/lib/action_controller/benchmarking.rb:66:in `perform_action_without_rescue'
    /opt/local/lib/ruby/gems/1.8/gems/actionpack-1.13.3/lib/action_controller/rescue.rb:83:in `perform_action'
    /opt/local/lib/ruby/gems/1.8/gems/actionpack-1.13.3/lib/action_controller/base.rb:430:in `send'
    /opt/local/lib/ruby/gems/1.8/gems/actionpack-1.13.3/lib/action_controller/base.rb:430:in `process_without_filters'
    /opt/local/lib/ruby/gems/1.8/gems/actionpack-1.13.3/lib/action_controller/filters.rb:624:in `process_without_session_management_support'
    /opt/local/lib/ruby/gems/1.8/gems/actionpack-1.13.3/lib/action_controller/session_management.rb:114:in `process'
    /opt/local/lib/ruby/gems/1.8/gems/actionpack-1.13.3/lib/action_controller/base.rb:330:in `process'
    /opt/local/lib/ruby/gems/1.8/gems/rails-1.2.3/lib/dispatcher.rb:41:in `dispatch'
    /opt/local/lib/ruby/gems/1.8/gems/mongrel-1.0.1/lib/mongrel/rails.rb:78:in `process'
    /opt/local/lib/ruby/gems/1.8/gems/mongrel-1.0.1/lib/mongrel/rails.rb:76:in `synchronize'
    /opt/local/lib/ruby/gems/1.8/gems/mongrel-1.0.1/lib/mongrel/rails.rb:76:in `process'
    /opt/local/lib/ruby/gems/1.8/gems/mongrel-1.0.1/lib/mongrel.rb:618:in `process_client'
    /opt/local/lib/ruby/gems/1.8/gems/mongrel-1.0.1/lib/mongrel.rb:617:in `each'
    /opt/local/lib/ruby/gems/1.8/gems/mongrel-1.0.1/lib/mongrel.rb:617:in `process_client'
    /opt/local/lib/ruby/gems/1.8/gems/mongrel-1.0.1/lib/mongrel.rb:736:in `run'
    /opt/local/lib/ruby/gems/1.8/gems/mongrel-1.0.1/lib/mongrel.rb:736:in `initialize'
    /opt/local/lib/ruby/gems/1.8/gems/mongrel-1.0.1/lib/mongrel.rb:736:in `new'
    /opt/local/lib/ruby/gems/1.8/gems/mongrel-1.0.1/lib/mongrel.rb:736:in `run'
    /opt/local/lib/ruby/gems/1.8/gems/mongrel-1.0.1/lib/mongrel.rb:720:in `initialize'
    /opt/local/lib/ruby/gems/1.8/gems/mongrel-1.0.1/lib/mongrel.rb:720:in `new'
    /opt/local/lib/ruby/gems/1.8/gems/mongrel-1.0.1/lib/mongrel.rb:720:in `run'
    /opt/local/lib/ruby/gems/1.8/gems/mongrel-1.0.1/lib/mongrel/configurator.rb:271:in `run'
    /opt/local/lib/ruby/gems/1.8/gems/mongrel-1.0.1/lib/mongrel/configurator.rb:270:in `each'
    /opt/local/lib/ruby/gems/1.8/gems/mongrel-1.0.1/lib/mongrel/configurator.rb:270:in `run'
    /opt/local/lib/ruby/gems/1.8/gems/mongrel-1.0.1/bin/mongrel_rails:127:in `run'
    /opt/local/lib/ruby/gems/1.8/gems/mongrel-1.0.1/lib/mongrel/command.rb:211:in `run'
    /opt/local/lib/ruby/gems/1.8/gems/mongrel-1.0.1/bin/mongrel_rails:243
    /opt/local/lib/ruby/gems/1.8/gems/activesupport-1.4.2/lib/active_support/dependencies.rb:488:in `load'
    /opt/local/lib/ruby/gems/1.8/gems/activesupport-1.4.2/lib/active_support/dependencies.rb:488:in `load'
    /opt/local/lib/ruby/gems/1.8/gems/activesupport-1.4.2/lib/active_support/dependencies.rb:342:in `new_constants_in'
    /opt/local/lib/ruby/gems/1.8/gems/activesupport-1.4.2/lib/active_support/dependencies.rb:488:in `load'
    /opt/local/lib/ruby/gems/1.8/gems/rails-1.2.3/lib/commands/servers/mongrel.rb:60
    /opt/local/lib/ruby/site_ruby/1.8/rubygems/custom_require.rb:27:in `gem_original_require'
    /opt/local/lib/ruby/site_ruby/1.8/rubygems/custom_require.rb:27:in `require'
    /opt/local/lib/ruby/gems/1.8/gems/activesupport-1.4.2/lib/active_support/dependencies.rb:495:in `require'
    /opt/local/lib/ruby/gems/1.8/gems/activesupport-1.4.2/lib/active_support/dependencies.rb:342:in `new_constants_in'
    /opt/local/lib/ruby/gems/1.8/gems/activesupport-1.4.2/lib/active_support/dependencies.rb:495:in `require'
    /opt/local/lib/ruby/gems/1.8/gems/rails-1.2.3/lib/commands/server.rb:39
    /opt/local/lib/ruby/site_ruby/1.8/rubygems/custom_require.rb:27:in `gem_original_require'
    /opt/local/lib/ruby/site_ruby/1.8/rubygems/custom_require.rb:27:in `require'
    script/server:3


Rendering /opt/local/lib/ruby/gems/1.8/gems/actionpack-1.13.3/lib/action_controller/templates/rescues/layout.rhtml (500 Internal Error)
